{"/Users/miloplacencia/Webs/node-kpf/src/config.js": {"path":"/Users/miloplacencia/Webs/node-kpf/src/config.js","statementMap":{"0":{"start":{"line":1,"column":21},"end":{"line":12,"column":1}},"1":{"start":{"line":14,"column":22},"end":{"line":23,"column":1}},"2":{"start":{"line":25,"column":0},"end":{"line":28,"column":2}}},"fnMap":{},"branchMap":{},"s":{"0":1,"1":1,"2":1},"f":{},"b":{},"_coverageSchema":"332fd63041d2c1bcb487cc26dd0d5f7d97098a6c","hash":"ad88c0e3a925afa516e180409e81586dafd5d591"}
,"/Users/miloplacencia/Webs/node-kpf/src/dependencias.js": {"path":"/Users/miloplacencia/Webs/node-kpf/src/dependencias.js","statementMap":{"0":{"start":{"line":1,"column":21},"end":{"line":1,"column":64}},"1":{"start":{"line":2,"column":18},"end":{"line":2,"column":54}},"2":{"start":{"line":3,"column":15},"end":{"line":3,"column":32}},"3":{"start":{"line":4,"column":11},"end":{"line":4,"column":24}},"4":{"start":{"line":6,"column":0},"end":{"line":13,"column":2}},"5":{"start":{"line":6,"column":43},"end":{"line":13,"column":1}},"6":{"start":{"line":7,"column":2},"end":{"line":7,"column":73}},"7":{"start":{"line":7,"column":15},"end":{"line":7,"column":73}},"8":{"start":{"line":8,"column":2},"end":{"line":8,"column":64}},"9":{"start":{"line":8,"column":13},"end":{"line":8,"column":64}},"10":{"start":{"line":10,"column":20},"end":{"line":10,"column":45}},"11":{"start":{"line":11,"column":2},"end":{"line":11,"column":25}},"12":{"start":{"line":12,"column":2},"end":{"line":12,"column":42}},"13":{"start":{"line":15,"column":0},"end":{"line":29,"column":2}},"14":{"start":{"line":15,"column":51},"end":{"line":29,"column":1}},"15":{"start":{"line":16,"column":2},"end":{"line":17,"column":71}},"16":{"start":{"line":17,"column":4},"end":{"line":17,"column":71}},"17":{"start":{"line":18,"column":2},"end":{"line":18,"column":63}},"18":{"start":{"line":18,"column":14},"end":{"line":18,"column":63}},"19":{"start":{"line":19,"column":2},"end":{"line":19,"column":63}},"20":{"start":{"line":19,"column":14},"end":{"line":19,"column":63}},"21":{"start":{"line":20,"column":2},"end":{"line":21,"column":64}},"22":{"start":{"line":21,"column":4},"end":{"line":21,"column":64}},"23":{"start":{"line":23,"column":19},"end":{"line":23,"column":40}},"24":{"start":{"line":24,"column":20},"end":{"line":24,"column":45}},"25":{"start":{"line":26,"column":19},"end":{"line":26,"column":46}},"26":{"start":{"line":27,"column":2},"end":{"line":27,"column":28}},"27":{"start":{"line":28,"column":2},"end":{"line":28,"column":54}},"28":{"start":{"line":31,"column":0},"end":{"line":59,"column":2}},"29":{"start":{"line":31,"column":38},"end":{"line":59,"column":1}},"30":{"start":{"line":35,"column":2},"end":{"line":35,"column":60}},"31":{"start":{"line":35,"column":17},"end":{"line":35,"column":60}},"32":{"start":{"line":37,"column":27},"end":{"line":37,"column":66}},"33":{"start":{"line":38,"column":19},"end":{"line":38,"column":50}},"34":{"start":{"line":39,"column":23},"end":{"line":39,"column":51}},"35":{"start":{"line":40,"column":16},"end":{"line":40,"column":38}},"36":{"start":{"line":41,"column":20},"end":{"line":41,"column":46}},"37":{"start":{"line":42,"column":16},"end":{"line":42,"column":40}},"38":{"start":{"line":44,"column":18},"end":{"line":44,"column":46}},"39":{"start":{"line":45,"column":2},"end":{"line":45,"column":71}},"40":{"start":{"line":45,"column":18},"end":{"line":45,"column":71}},"41":{"start":{"line":46,"column":2},"end":{"line":46,"column":76}},"42":{"start":{"line":46,"column":18},"end":{"line":46,"column":76}},"43":{"start":{"line":47,"column":2},"end":{"line":47,"column":64}},"44":{"start":{"line":47,"column":18},"end":{"line":47,"column":64}},"45":{"start":{"line":48,"column":19},"end":{"line":48,"column":39}},"46":{"start":{"line":50,"column":20},"end":{"line":50,"column":52}},"47":{"start":{"line":51,"column":22},"end":{"line":51,"column":56}},"48":{"start":{"line":52,"column":22},"end":{"line":52,"column":56}},"49":{"start":{"line":53,"column":27},"end":{"line":53,"column":66}},"50":{"start":{"line":55,"column":12},"end":{"line":55,"column":206}},"51":{"start":{"line":57,"column":20},"end":{"line":57,"column":31}},"52":{"start":{"line":58,"column":2},"end":{"line":58,"column":31}},"53":{"start":{"line":61,"column":0},"end":{"line":73,"column":2}},"54":{"start":{"line":62,"column":2},"end":{"line":72,"column":3}},"55":{"start":{"line":63,"column":20},"end":{"line":63,"column":63}},"56":{"start":{"line":64,"column":20},"end":{"line":64,"column":62}},"57":{"start":{"line":66,"column":4},"end":{"line":69,"column":6}},"58":{"start":{"line":71,"column":4},"end":{"line":71,"column":27}}},"fnMap":{"0":{"name":"(anonymous_0)","decl":{"start":{"line":6,"column":26},"end":{"line":6,"column":27}},"loc":{"start":{"line":6,"column":43},"end":{"line":13,"column":1}},"line":6},"1":{"name":"(anonymous_1)","decl":{"start":{"line":6,"column":43},"end":{"line":6,"column":44}},"loc":{"start":{"line":6,"column":58},"end":{"line":13,"column":1}},"line":6},"2":{"name":"(anonymous_2)","decl":{"start":{"line":15,"column":34},"end":{"line":15,"column":35}},"loc":{"start":{"line":15,"column":51},"end":{"line":29,"column":1}},"line":15},"3":{"name":"(anonymous_3)","decl":{"start":{"line":15,"column":51},"end":{"line":15,"column":52}},"loc":{"start":{"line":15,"column":79},"end":{"line":29,"column":1}},"line":15},"4":{"name":"(anonymous_4)","decl":{"start":{"line":31,"column":26},"end":{"line":31,"column":27}},"loc":{"start":{"line":31,"column":38},"end":{"line":59,"column":1}},"line":31},"5":{"name":"(anonymous_5)","decl":{"start":{"line":31,"column":38},"end":{"line":31,"column":39}},"loc":{"start":{"line":34,"column":11},"end":{"line":59,"column":1}},"line":34},"6":{"name":"(anonymous_6)","decl":{"start":{"line":61,"column":32},"end":{"line":61,"column":33}},"loc":{"start":{"line":61,"column":56},"end":{"line":73,"column":1}},"line":61}},"branchMap":{"0":{"loc":{"start":{"line":6,"column":27},"end":{"line":6,"column":38}},"type":"default-arg","locations":[{"start":{"line":6,"column":36},"end":{"line":6,"column":38}}],"line":6},"1":{"loc":{"start":{"line":6,"column":44},"end":{"line":6,"column":53}},"type":"default-arg","locations":[{"start":{"line":6,"column":51},"end":{"line":6,"column":53}}],"line":6},"2":{"loc":{"start":{"line":7,"column":2},"end":{"line":7,"column":73}},"type":"if","locations":[{"start":{"line":7,"column":2},"end":{"line":7,"column":73}},{"start":{"line":7,"column":2},"end":{"line":7,"column":73}}],"line":7},"3":{"loc":{"start":{"line":8,"column":2},"end":{"line":8,"column":64}},"type":"if","locations":[{"start":{"line":8,"column":2},"end":{"line":8,"column":64}},{"start":{"line":8,"column":2},"end":{"line":8,"column":64}}],"line":8},"4":{"loc":{"start":{"line":15,"column":35},"end":{"line":15,"column":46}},"type":"default-arg","locations":[{"start":{"line":15,"column":44},"end":{"line":15,"column":46}}],"line":15},"5":{"loc":{"start":{"line":15,"column":52},"end":{"line":15,"column":62}},"type":"default-arg","locations":[{"start":{"line":15,"column":60},"end":{"line":15,"column":62}}],"line":15},"6":{"loc":{"start":{"line":15,"column":64},"end":{"line":15,"column":74}},"type":"default-arg","locations":[{"start":{"line":15,"column":72},"end":{"line":15,"column":74}}],"line":15},"7":{"loc":{"start":{"line":16,"column":2},"end":{"line":17,"column":71}},"type":"if","locations":[{"start":{"line":16,"column":2},"end":{"line":17,"column":71}},{"start":{"line":16,"column":2},"end":{"line":17,"column":71}}],"line":16},"8":{"loc":{"start":{"line":18,"column":2},"end":{"line":18,"column":63}},"type":"if","locations":[{"start":{"line":18,"column":2},"end":{"line":18,"column":63}},{"start":{"line":18,"column":2},"end":{"line":18,"column":63}}],"line":18},"9":{"loc":{"start":{"line":19,"column":2},"end":{"line":19,"column":63}},"type":"if","locations":[{"start":{"line":19,"column":2},"end":{"line":19,"column":63}},{"start":{"line":19,"column":2},"end":{"line":19,"column":63}}],"line":19},"10":{"loc":{"start":{"line":20,"column":2},"end":{"line":21,"column":64}},"type":"if","locations":[{"start":{"line":20,"column":2},"end":{"line":21,"column":64}},{"start":{"line":20,"column":2},"end":{"line":21,"column":64}}],"line":20},"11":{"loc":{"start":{"line":31,"column":39},"end":{"line":34,"column":6}},"type":"default-arg","locations":[{"start":{"line":34,"column":4},"end":{"line":34,"column":6}}],"line":31},"12":{"loc":{"start":{"line":32,"column":2},"end":{"line":32,"column":23}},"type":"default-arg","locations":[{"start":{"line":32,"column":11},"end":{"line":32,"column":23}}],"line":32},"13":{"loc":{"start":{"line":33,"column":2},"end":{"line":33,"column":23}},"type":"default-arg","locations":[{"start":{"line":33,"column":10},"end":{"line":33,"column":23}}],"line":33},"14":{"loc":{"start":{"line":35,"column":2},"end":{"line":35,"column":60}},"type":"if","locations":[{"start":{"line":35,"column":2},"end":{"line":35,"column":60}},{"start":{"line":35,"column":2},"end":{"line":35,"column":60}}],"line":35},"15":{"loc":{"start":{"line":45,"column":2},"end":{"line":45,"column":71}},"type":"if","locations":[{"start":{"line":45,"column":2},"end":{"line":45,"column":71}},{"start":{"line":45,"column":2},"end":{"line":45,"column":71}}],"line":45},"16":{"loc":{"start":{"line":46,"column":2},"end":{"line":46,"column":76}},"type":"if","locations":[{"start":{"line":46,"column":2},"end":{"line":46,"column":76}},{"start":{"line":46,"column":2},"end":{"line":46,"column":76}}],"line":46},"17":{"loc":{"start":{"line":47,"column":2},"end":{"line":47,"column":64}},"type":"if","locations":[{"start":{"line":47,"column":2},"end":{"line":47,"column":64}},{"start":{"line":47,"column":2},"end":{"line":47,"column":64}}],"line":47},"18":{"loc":{"start":{"line":61,"column":33},"end":{"line":61,"column":51}},"type":"default-arg","locations":[{"start":{"line":61,"column":44},"end":{"line":61,"column":51}}],"line":61}},"s":{"0":1,"1":1,"2":1,"3":1,"4":1,"5":4,"6":3,"7":0,"8":3,"9":0,"10":3,"11":3,"12":3,"13":1,"14":4,"15":0,"16":0,"17":0,"18":0,"19":0,"20":0,"21":0,"22":0,"23":0,"24":0,"25":0,"26":0,"27":0,"28":1,"29":4,"30":1,"31":0,"32":1,"33":1,"34":1,"35":1,"36":1,"37":1,"38":1,"39":1,"40":0,"41":1,"42":0,"43":1,"44":0,"45":1,"46":1,"47":1,"48":1,"49":1,"50":1,"51":1,"52":1,"53":1,"54":4,"55":4,"56":4,"57":4,"58":0},"f":{"0":4,"1":3,"2":4,"3":0,"4":4,"5":1,"6":4},"b":{"0":[0],"1":[0],"2":[0,3],"3":[0,3],"4":[0],"5":[0],"6":[0],"7":[0,0],"8":[0,0],"9":[0,0],"10":[0,0],"11":[0],"12":[0],"13":[0],"14":[0,1],"15":[0,1],"16":[0,1],"17":[0,1],"18":[0]},"_coverageSchema":"332fd63041d2c1bcb487cc26dd0d5f7d97098a6c","hash":"2184118328d53f4e53dc824c61a6a216cba53320"}
,"/Users/miloplacencia/Webs/node-kpf/src/helpers.js": {"path":"/Users/miloplacencia/Webs/node-kpf/src/helpers.js","statementMap":{"0":{"start":{"line":1,"column":28},"end":{"line":1,"column":42}},"1":{"start":{"line":8,"column":0},"end":{"line":17,"column":2}},"2":{"start":{"line":9,"column":2},"end":{"line":9,"column":62}},"3":{"start":{"line":9,"column":15},"end":{"line":9,"column":62}},"4":{"start":{"line":10,"column":2},"end":{"line":11,"column":52}},"5":{"start":{"line":11,"column":4},"end":{"line":11,"column":52}},"6":{"start":{"line":13,"column":15},"end":{"line":13,"column":17}},"7":{"start":{"line":14,"column":2},"end":{"line":14,"column":77}},"8":{"start":{"line":14,"column":56},"end":{"line":14,"column":74}},"9":{"start":{"line":16,"column":2},"end":{"line":16,"column":14}},"10":{"start":{"line":24,"column":0},"end":{"line":28,"column":2}},"11":{"start":{"line":25,"column":13},"end":{"line":25,"column":34}},"12":{"start":{"line":26,"column":2},"end":{"line":26,"column":69}},"13":{"start":{"line":26,"column":45},"end":{"line":26,"column":67}},"14":{"start":{"line":27,"column":2},"end":{"line":27,"column":23}}},"fnMap":{"0":{"name":"QS2OBJ","decl":{"start":{"line":8,"column":46},"end":{"line":8,"column":52}},"loc":{"start":{"line":8,"column":66},"end":{"line":17,"column":1}},"line":8},"1":{"name":"(anonymous_1)","decl":{"start":{"line":14,"column":38},"end":{"line":14,"column":39}},"loc":{"start":{"line":14,"column":56},"end":{"line":14,"column":74}},"line":14},"2":{"name":"OBJ2QS","decl":{"start":{"line":24,"column":46},"end":{"line":24,"column":52}},"loc":{"start":{"line":24,"column":63},"end":{"line":28,"column":1}},"line":24},"3":{"name":"(anonymous_3)","decl":{"start":{"line":26,"column":26},"end":{"line":26,"column":27}},"loc":{"start":{"line":26,"column":45},"end":{"line":26,"column":67}},"line":26}},"branchMap":{"0":{"loc":{"start":{"line":8,"column":53},"end":{"line":8,"column":64}},"type":"default-arg","locations":[{"start":{"line":8,"column":62},"end":{"line":8,"column":64}}],"line":8},"1":{"loc":{"start":{"line":9,"column":2},"end":{"line":9,"column":62}},"type":"if","locations":[{"start":{"line":9,"column":2},"end":{"line":9,"column":62}},{"start":{"line":9,"column":2},"end":{"line":9,"column":62}}],"line":9},"2":{"loc":{"start":{"line":10,"column":2},"end":{"line":11,"column":52}},"type":"if","locations":[{"start":{"line":10,"column":2},"end":{"line":11,"column":52}},{"start":{"line":10,"column":2},"end":{"line":11,"column":52}}],"line":10},"3":{"loc":{"start":{"line":24,"column":53},"end":{"line":24,"column":61}},"type":"default-arg","locations":[{"start":{"line":24,"column":59},"end":{"line":24,"column":61}}],"line":24}},"s":{"0":2,"1":2,"2":5,"3":1,"4":4,"5":1,"6":3,"7":3,"8":8,"9":3,"10":2,"11":4,"12":4,"13":6,"14":4},"f":{"0":5,"1":8,"2":4,"3":6},"b":{"0":[1],"1":[1,4],"2":[1,3],"3":[1]},"_coverageSchema":"332fd63041d2c1bcb487cc26dd0d5f7d97098a6c","hash":"741521d034f765caf55b6540705c261449cd825f"}
,"/Users/miloplacencia/Webs/node-kpf/src/index.js": {"path":"/Users/miloplacencia/Webs/node-kpf/src/index.js","statementMap":{"0":{"start":{"line":6,"column":4},"end":{"line":6,"column":29}},"1":{"start":{"line":7,"column":53},"end":{"line":7,"column":73}},"2":{"start":{"line":8,"column":40},"end":{"line":8,"column":59}},"3":{"start":{"line":11,"column":17},"end":{"line":14,"column":3}},"4":{"start":{"line":16,"column":16},"end":{"line":19,"column":3}},"5":{"start":{"line":21,"column":15},"end":{"line":21,"column":46}},"6":{"start":{"line":22,"column":20},"end":{"line":22,"column":42}},"7":{"start":{"line":23,"column":29},"end":{"line":23,"column":59}},"8":{"start":{"line":25,"column":20},"end":{"line":25,"column":39}},"9":{"start":{"line":43,"column":4},"end":{"line":45,"column":5}},"10":{"start":{"line":44,"column":6},"end":{"line":44,"column":41}},"11":{"start":{"line":47,"column":4},"end":{"line":47,"column":24}},"12":{"start":{"line":48,"column":4},"end":{"line":48,"column":34}},"13":{"start":{"line":49,"column":4},"end":{"line":49,"column":30}},"14":{"start":{"line":50,"column":4},"end":{"line":50,"column":33}},"15":{"start":{"line":51,"column":4},"end":{"line":51,"column":37}},"16":{"start":{"line":53,"column":4},"end":{"line":53,"column":40}},"17":{"start":{"line":57,"column":4},"end":{"line":57,"column":55}},"18":{"start":{"line":57,"column":19},"end":{"line":57,"column":55}},"19":{"start":{"line":59,"column":20},"end":{"line":59,"column":49}},"20":{"start":{"line":61,"column":4},"end":{"line":61,"column":72}},"21":{"start":{"line":61,"column":38},"end":{"line":61,"column":72}},"22":{"start":{"line":63,"column":4},"end":{"line":66,"column":5}},"23":{"start":{"line":65,"column":6},"end":{"line":65,"column":49}},"24":{"start":{"line":67,"column":4},"end":{"line":67,"column":34}},"25":{"start":{"line":69,"column":4},"end":{"line":72,"column":5}},"26":{"start":{"line":71,"column":6},"end":{"line":71,"column":57}},"27":{"start":{"line":73,"column":4},"end":{"line":76,"column":5}},"28":{"start":{"line":75,"column":6},"end":{"line":75,"column":53}},"29":{"start":{"line":78,"column":4},"end":{"line":82,"column":5}},"30":{"start":{"line":80,"column":6},"end":{"line":80,"column":38}},"31":{"start":{"line":81,"column":6},"end":{"line":81,"column":13}},"32":{"start":{"line":83,"column":4},"end":{"line":85,"column":5}},"33":{"start":{"line":84,"column":6},"end":{"line":84,"column":55}},"34":{"start":{"line":86,"column":4},"end":{"line":86,"column":42}},"35":{"start":{"line":88,"column":4},"end":{"line":90,"column":5}},"36":{"start":{"line":89,"column":6},"end":{"line":89,"column":49}},"37":{"start":{"line":91,"column":4},"end":{"line":91,"column":36}},"38":{"start":{"line":93,"column":4},"end":{"line":96,"column":5}},"39":{"start":{"line":94,"column":6},"end":{"line":94,"column":48}},"40":{"start":{"line":97,"column":4},"end":{"line":99,"column":5}},"41":{"start":{"line":98,"column":6},"end":{"line":98,"column":42}},"42":{"start":{"line":103,"column":4},"end":{"line":103,"column":57}},"43":{"start":{"line":103,"column":19},"end":{"line":103,"column":57}},"44":{"start":{"line":105,"column":20},"end":{"line":105,"column":49}},"45":{"start":{"line":107,"column":4},"end":{"line":109,"column":5}},"46":{"start":{"line":108,"column":6},"end":{"line":108,"column":56}},"47":{"start":{"line":111,"column":4},"end":{"line":113,"column":5}},"48":{"start":{"line":112,"column":6},"end":{"line":112,"column":48}},"49":{"start":{"line":115,"column":4},"end":{"line":115,"column":31}},"50":{"start":{"line":116,"column":4},"end":{"line":116,"column":22}},"51":{"start":{"line":117,"column":4},"end":{"line":117,"column":21}},"52":{"start":{"line":118,"column":4},"end":{"line":118,"column":42}},"53":{"start":{"line":119,"column":4},"end":{"line":119,"column":42}},"54":{"start":{"line":120,"column":4},"end":{"line":120,"column":36}},"55":{"start":{"line":121,"column":4},"end":{"line":121,"column":46}},"56":{"start":{"line":122,"column":4},"end":{"line":122,"column":40}},"57":{"start":{"line":125,"column":4},"end":{"line":125,"column":17}},"58":{"start":{"line":129,"column":15},"end":{"line":129,"column":49}},"59":{"start":{"line":130,"column":18},"end":{"line":130,"column":57}},"60":{"start":{"line":131,"column":15},"end":{"line":131,"column":41}},"61":{"start":{"line":132,"column":15},"end":{"line":132,"column":28}},"62":{"start":{"line":134,"column":4},"end":{"line":134,"column":27}},"63":{"start":{"line":137,"column":2},"end":{"line":144,"column":4}},"64":{"start":{"line":142,"column":20},"end":{"line":142,"column":25}},"65":{"start":{"line":143,"column":21},"end":{"line":143,"column":27}},"66":{"start":{"line":147,"column":0},"end":{"line":147,"column":25}}},"fnMap":{"0":{"name":"FlowAPI","decl":{"start":{"line":10,"column":9},"end":{"line":10,"column":16}},"loc":{"start":{"line":10,"column":40},"end":{"line":145,"column":1}},"line":10},"1":{"name":"new_order","decl":{"start":{"line":36,"column":11},"end":{"line":36,"column":20}},"loc":{"start":{"line":42,"column":10},"end":{"line":54,"column":3}},"line":42},"2":{"name":"read_confirm","decl":{"start":{"line":56,"column":11},"end":{"line":56,"column":23}},"loc":{"start":{"line":56,"column":34},"end":{"line":100,"column":3}},"line":56},"3":{"name":"read_result","decl":{"start":{"line":102,"column":11},"end":{"line":102,"column":22}},"loc":{"start":{"line":102,"column":33},"end":{"line":126,"column":3}},"line":102},"4":{"name":"build_response","decl":{"start":{"line":128,"column":11},"end":{"line":128,"column":25}},"loc":{"start":{"line":128,"column":35},"end":{"line":135,"column":3}},"line":128},"5":{"name":"(anonymous_5)","decl":{"start":{"line":142,"column":14},"end":{"line":142,"column":15}},"loc":{"start":{"line":142,"column":20},"end":{"line":142,"column":25}},"line":142},"6":{"name":"(anonymous_6)","decl":{"start":{"line":143,"column":15},"end":{"line":143,"column":16}},"loc":{"start":{"line":143,"column":21},"end":{"line":143,"column":27}},"line":143}},"branchMap":{"0":{"loc":{"start":{"line":10,"column":17},"end":{"line":10,"column":38}},"type":"default-arg","locations":[{"start":{"line":10,"column":26},"end":{"line":10,"column":38}}],"line":10},"1":{"loc":{"start":{"line":36,"column":21},"end":{"line":42,"column":8}},"type":"default-arg","locations":[{"start":{"line":42,"column":6},"end":{"line":42,"column":8}}],"line":36},"2":{"loc":{"start":{"line":41,"column":4},"end":{"line":41,"column":22}},"type":"default-arg","locations":[{"start":{"line":41,"column":17},"end":{"line":41,"column":22}}],"line":41},"3":{"loc":{"start":{"line":43,"column":4},"end":{"line":45,"column":5}},"type":"if","locations":[{"start":{"line":43,"column":4},"end":{"line":45,"column":5}},{"start":{"line":43,"column":4},"end":{"line":45,"column":5}}],"line":43},"4":{"loc":{"start":{"line":57,"column":4},"end":{"line":57,"column":55}},"type":"if","locations":[{"start":{"line":57,"column":4},"end":{"line":57,"column":55}},{"start":{"line":57,"column":4},"end":{"line":57,"column":55}}],"line":57},"5":{"loc":{"start":{"line":61,"column":4},"end":{"line":61,"column":72}},"type":"if","locations":[{"start":{"line":61,"column":4},"end":{"line":61,"column":72}},{"start":{"line":61,"column":4},"end":{"line":61,"column":72}}],"line":61},"6":{"loc":{"start":{"line":63,"column":4},"end":{"line":66,"column":5}},"type":"if","locations":[{"start":{"line":63,"column":4},"end":{"line":66,"column":5}},{"start":{"line":63,"column":4},"end":{"line":66,"column":5}}],"line":63},"7":{"loc":{"start":{"line":69,"column":4},"end":{"line":72,"column":5}},"type":"if","locations":[{"start":{"line":69,"column":4},"end":{"line":72,"column":5}},{"start":{"line":69,"column":4},"end":{"line":72,"column":5}}],"line":69},"8":{"loc":{"start":{"line":73,"column":4},"end":{"line":76,"column":5}},"type":"if","locations":[{"start":{"line":73,"column":4},"end":{"line":76,"column":5}},{"start":{"line":73,"column":4},"end":{"line":76,"column":5}}],"line":73},"9":{"loc":{"start":{"line":78,"column":4},"end":{"line":82,"column":5}},"type":"if","locations":[{"start":{"line":78,"column":4},"end":{"line":82,"column":5}},{"start":{"line":78,"column":4},"end":{"line":82,"column":5}}],"line":78},"10":{"loc":{"start":{"line":83,"column":4},"end":{"line":85,"column":5}},"type":"if","locations":[{"start":{"line":83,"column":4},"end":{"line":85,"column":5}},{"start":{"line":83,"column":4},"end":{"line":85,"column":5}}],"line":83},"11":{"loc":{"start":{"line":88,"column":4},"end":{"line":90,"column":5}},"type":"if","locations":[{"start":{"line":88,"column":4},"end":{"line":90,"column":5}},{"start":{"line":88,"column":4},"end":{"line":90,"column":5}}],"line":88},"12":{"loc":{"start":{"line":93,"column":4},"end":{"line":96,"column":5}},"type":"if","locations":[{"start":{"line":93,"column":4},"end":{"line":96,"column":5}},{"start":{"line":93,"column":4},"end":{"line":96,"column":5}}],"line":93},"13":{"loc":{"start":{"line":97,"column":4},"end":{"line":99,"column":5}},"type":"if","locations":[{"start":{"line":97,"column":4},"end":{"line":99,"column":5}},{"start":{"line":97,"column":4},"end":{"line":99,"column":5}}],"line":97},"14":{"loc":{"start":{"line":103,"column":4},"end":{"line":103,"column":57}},"type":"if","locations":[{"start":{"line":103,"column":4},"end":{"line":103,"column":57}},{"start":{"line":103,"column":4},"end":{"line":103,"column":57}}],"line":103},"15":{"loc":{"start":{"line":107,"column":4},"end":{"line":109,"column":5}},"type":"if","locations":[{"start":{"line":107,"column":4},"end":{"line":109,"column":5}},{"start":{"line":107,"column":4},"end":{"line":109,"column":5}}],"line":107},"16":{"loc":{"start":{"line":111,"column":4},"end":{"line":113,"column":5}},"type":"if","locations":[{"start":{"line":111,"column":4},"end":{"line":113,"column":5}},{"start":{"line":111,"column":4},"end":{"line":113,"column":5}}],"line":111},"17":{"loc":{"start":{"line":129,"column":15},"end":{"line":129,"column":49}},"type":"cond-expr","locations":[{"start":{"line":129,"column":25},"end":{"line":129,"column":35}},{"start":{"line":129,"column":38},"end":{"line":129,"column":49}}],"line":129}},"s":{"0":1,"1":1,"2":1,"3":4,"4":4,"5":4,"6":4,"7":4,"8":4,"9":1,"10":1,"11":1,"12":1,"13":1,"14":1,"15":1,"16":1,"17":0,"18":0,"19":0,"20":0,"21":0,"22":0,"23":0,"24":0,"25":0,"26":0,"27":0,"28":0,"29":0,"30":0,"31":0,"32":0,"33":0,"34":0,"35":0,"36":0,"37":0,"38":0,"39":0,"40":0,"41":0,"42":0,"43":0,"44":0,"45":0,"46":0,"47":0,"48":0,"49":0,"50":0,"51":0,"52":0,"53":0,"54":0,"55":0,"56":0,"57":0,"58":2,"59":2,"60":2,"61":2,"62":2,"63":4,"64":0,"65":10,"66":1},"f":{"0":4,"1":1,"2":0,"3":0,"4":2,"5":0,"6":10},"b":{"0":[0],"1":[0],"2":[0],"3":[1,0],"4":[0,0],"5":[0,0],"6":[0,0],"7":[0,0],"8":[0,0],"9":[0,0],"10":[0,0],"11":[0,0],"12":[0,0],"13":[0,0],"14":[0,0],"15":[0,0],"16":[0,0],"17":[1,1]},"_coverageSchema":"332fd63041d2c1bcb487cc26dd0d5f7d97098a6c","hash":"59c53a511999f9ed1346077668859f4ef2dbfa64"}
}
