TN:
SF:/Users/miloplacencia/Webs/node-kpf/src/config.js
FNF:0
FNH:0
DA:1,1
DA:14,1
DA:25,1
LF:3
LH:3
BRF:0
BRH:0
end_of_record
TN:
SF:/Users/miloplacencia/Webs/node-kpf/src/dependencias.js
FN:6,(anonymous_0)
FN:6,(anonymous_1)
FN:15,(anonymous_2)
FN:15,(anonymous_3)
FN:31,(anonymous_4)
FN:31,(anonymous_5)
FN:61,(anonymous_6)
FNF:7
FNH:6
FNDA:4,(anonymous_0)
FNDA:3,(anonymous_1)
FNDA:4,(anonymous_2)
FNDA:0,(anonymous_3)
FNDA:4,(anonymous_4)
FNDA:1,(anonymous_5)
FNDA:4,(anonymous_6)
DA:1,1
DA:2,1
DA:3,1
DA:4,1
DA:6,4
DA:7,3
DA:8,3
DA:10,3
DA:11,3
DA:12,3
DA:15,4
DA:16,0
DA:17,0
DA:18,0
DA:19,0
DA:20,0
DA:21,0
DA:23,0
DA:24,0
DA:26,0
DA:27,0
DA:28,0
DA:31,4
DA:35,1
DA:37,1
DA:38,1
DA:39,1
DA:40,1
DA:41,1
DA:42,1
DA:44,1
DA:45,1
DA:46,1
DA:47,1
DA:48,1
DA:50,1
DA:51,1
DA:52,1
DA:53,1
DA:55,1
DA:57,1
DA:58,1
DA:61,1
DA:62,4
DA:63,4
DA:64,4
DA:66,4
DA:71,0
LF:48
LH:36
BRDA:6,0,0,0
BRDA:6,1,0,0
BRDA:7,2,0,0
BRDA:7,2,1,3
BRDA:8,3,0,0
BRDA:8,3,1,3
BRDA:15,4,0,0
BRDA:15,5,0,0
BRDA:15,6,0,0
BRDA:16,7,0,0
BRDA:16,7,1,0
BRDA:18,8,0,0
BRDA:18,8,1,0
BRDA:19,9,0,0
BRDA:19,9,1,0
BRDA:20,10,0,0
BRDA:20,10,1,0
BRDA:31,11,0,0
BRDA:32,12,0,0
BRDA:33,13,0,0
BRDA:35,14,0,0
BRDA:35,14,1,1
BRDA:45,15,0,0
BRDA:45,15,1,1
BRDA:46,16,0,0
BRDA:46,16,1,1
BRDA:47,17,0,0
BRDA:47,17,1,1
BRDA:61,18,0,0
BRF:29
BRH:6
end_of_record
TN:
SF:/Users/miloplacencia/Webs/node-kpf/src/helpers.js
FN:8,QS2OBJ
FN:14,(anonymous_1)
FN:24,OBJ2QS
FN:26,(anonymous_3)
FNF:4
FNH:4
FNDA:5,QS2OBJ
FNDA:8,(anonymous_1)
FNDA:4,OBJ2QS
FNDA:6,(anonymous_3)
DA:1,2
DA:8,2
DA:9,5
DA:10,4
DA:11,1
DA:13,3
DA:14,8
DA:16,3
DA:24,2
DA:25,4
DA:26,6
DA:27,4
LF:12
LH:12
BRDA:8,0,0,1
BRDA:9,1,0,1
BRDA:9,1,1,4
BRDA:10,2,0,1
BRDA:10,2,1,3
BRDA:24,3,0,1
BRF:6
BRH:6
end_of_record
TN:
SF:/Users/miloplacencia/Webs/node-kpf/src/index.js
FN:10,FlowAPI
FN:36,new_order
FN:56,read_confirm
FN:102,read_result
FN:128,build_response
FN:142,(anonymous_5)
FN:143,(anonymous_6)
FNF:7
FNH:4
FNDA:4,FlowAPI
FNDA:1,new_order
FNDA:0,read_confirm
FNDA:0,read_result
FNDA:2,build_response
FNDA:0,(anonymous_5)
FNDA:10,(anonymous_6)
DA:6,1
DA:7,1
DA:8,1
DA:11,4
DA:16,4
DA:21,4
DA:22,4
DA:23,4
DA:25,4
DA:43,1
DA:44,1
DA:47,1
DA:48,1
DA:49,1
DA:50,1
DA:51,1
DA:53,1
DA:57,0
DA:59,0
DA:61,0
DA:63,0
DA:65,0
DA:67,0
DA:69,0
DA:71,0
DA:73,0
DA:75,0
DA:78,0
DA:80,0
DA:81,0
DA:83,0
DA:84,0
DA:86,0
DA:88,0
DA:89,0
DA:91,0
DA:93,0
DA:94,0
DA:97,0
DA:98,0
DA:103,0
DA:105,0
DA:107,0
DA:108,0
DA:111,0
DA:112,0
DA:115,0
DA:116,0
DA:117,0
DA:118,0
DA:119,0
DA:120,0
DA:121,0
DA:122,0
DA:125,0
DA:129,2
DA:130,2
DA:131,2
DA:132,2
DA:134,2
DA:137,4
DA:142,0
DA:143,10
DA:147,1
LF:64
LH:25
BRDA:10,0,0,0
BRDA:36,1,0,0
BRDA:41,2,0,0
BRDA:43,3,0,1
BRDA:43,3,1,0
BRDA:57,4,0,0
BRDA:57,4,1,0
BRDA:61,5,0,0
BRDA:61,5,1,0
BRDA:63,6,0,0
BRDA:63,6,1,0
BRDA:69,7,0,0
BRDA:69,7,1,0
BRDA:73,8,0,0
BRDA:73,8,1,0
BRDA:78,9,0,0
BRDA:78,9,1,0
BRDA:83,10,0,0
BRDA:83,10,1,0
BRDA:88,11,0,0
BRDA:88,11,1,0
BRDA:93,12,0,0
BRDA:93,12,1,0
BRDA:97,13,0,0
BRDA:97,13,1,0
BRDA:103,14,0,0
BRDA:103,14,1,0
BRDA:107,15,0,0
BRDA:107,15,1,0
BRDA:111,16,0,0
BRDA:111,16,1,0
BRDA:129,17,0,1
BRDA:129,17,1,1
BRF:33
BRH:3
end_of_record
